<?xml version="1.0" encoding="UTF-8"?>
<testng-results skipped="0" failed="1" ignored="0" total="5" passed="4">
  <reporter-output>
  </reporter-output>
  <suite name="Surefire suite" duration-ms="106310" started-at="2019-10-16T21:03:43 BST" finished-at="2019-10-16T21:05:29 BST">
    <groups>
    </groups>
    <test name="Surefire test" duration-ms="106310" started-at="2019-10-16T21:03:43 BST" finished-at="2019-10-16T21:05:29 BST">
      <class name="FeatureNOP.TestSuit">
        <test-method status="PASS" signature="setUpBrowser()[pri:0, instance:FeatureNOP.TestSuit@6adede5]" name="setUpBrowser" is-config="true" duration-ms="8972" started-at="2019-10-16T21:03:43 BST" finished-at="2019-10-16T21:03:52 BST">
          <reporter-output>
          </reporter-output>
        </test-method> <!-- setUpBrowser -->
        <test-method status="PASS" signature="RegisterUserShouldBeAbleToReferAProduct()[pri:0, instance:FeatureNOP.TestSuit@6adede5]" name="RegisterUserShouldBeAbleToReferAProduct" duration-ms="11485" started-at="2019-10-16T21:03:52 BST" finished-at="2019-10-16T21:04:04 BST">
          <reporter-output>
          </reporter-output>
        </test-method> <!-- RegisterUserShouldBeAbleToReferAProduct -->
        <test-method status="PASS" signature="teardown(org.testng.ITestResult)[pri:0, instance:FeatureNOP.TestSuit@6adede5]" name="teardown" is-config="true" duration-ms="781" started-at="2019-10-16T21:04:04 BST" finished-at="2019-10-16T21:04:04 BST">
          <params>
            <param index="0">
              <value>
                <![CDATA[[TestResult name=RegisterUserShouldBeAbleToReferAProduct status=SUCCESS method=TestSuit.RegisterUserShouldBeAbleToReferAProduct()[pri:0, instance:FeatureNOP.TestSuit@6adede5] output={null}]]]>
              </value>
            </param>
          </params>
          <reporter-output>
          </reporter-output>
        </test-method> <!-- teardown -->
        <test-method status="PASS" signature="setUpBrowser()[pri:0, instance:FeatureNOP.TestSuit@6adede5]" name="setUpBrowser" is-config="true" duration-ms="8550" started-at="2019-10-16T21:04:04 BST" finished-at="2019-10-16T21:04:13 BST">
          <reporter-output>
          </reporter-output>
        </test-method> <!-- setUpBrowser -->
        <test-method status="PASS" signature="UnregisterUserCanNotSendReferAProduct()[pri:0, instance:FeatureNOP.TestSuit@6adede5]" name="UnregisterUserCanNotSendReferAProduct" duration-ms="9268" started-at="2019-10-16T21:04:13 BST" finished-at="2019-10-16T21:04:22 BST">
          <reporter-output>
          </reporter-output>
        </test-method> <!-- UnregisterUserCanNotSendReferAProduct -->
        <test-method status="PASS" signature="teardown(org.testng.ITestResult)[pri:0, instance:FeatureNOP.TestSuit@6adede5]" name="teardown" is-config="true" duration-ms="782" started-at="2019-10-16T21:04:22 BST" finished-at="2019-10-16T21:04:23 BST">
          <params>
            <param index="0">
              <value>
                <![CDATA[[TestResult name=UnregisterUserCanNotSendReferAProduct status=SUCCESS method=TestSuit.UnregisterUserCanNotSendReferAProduct()[pri:0, instance:FeatureNOP.TestSuit@6adede5] output={null}]]]>
              </value>
            </param>
          </params>
          <reporter-output>
          </reporter-output>
        </test-method> <!-- teardown -->
        <test-method status="PASS" signature="setUpBrowser()[pri:0, instance:FeatureNOP.TestSuit@6adede5]" name="setUpBrowser" is-config="true" duration-ms="5284" started-at="2019-10-16T21:04:23 BST" finished-at="2019-10-16T21:04:28 BST">
          <reporter-output>
          </reporter-output>
        </test-method> <!-- setUpBrowser -->
        <test-method status="PASS" signature="UserShouldAbleBuyProductAsAGuest()[pri:0, instance:FeatureNOP.TestSuit@6adede5]" name="UserShouldAbleBuyProductAsAGuest" duration-ms="13515" started-at="2019-10-16T21:04:28 BST" finished-at="2019-10-16T21:04:42 BST">
          <reporter-output>
          </reporter-output>
        </test-method> <!-- UserShouldAbleBuyProductAsAGuest -->
        <test-method status="PASS" signature="teardown(org.testng.ITestResult)[pri:0, instance:FeatureNOP.TestSuit@6adede5]" name="teardown" is-config="true" duration-ms="773" started-at="2019-10-16T21:04:42 BST" finished-at="2019-10-16T21:04:42 BST">
          <params>
            <param index="0">
              <value>
                <![CDATA[[TestResult name=UserShouldAbleBuyProductAsAGuest status=SUCCESS method=TestSuit.UserShouldAbleBuyProductAsAGuest()[pri:0, instance:FeatureNOP.TestSuit@6adede5] output={null}]]]>
              </value>
            </param>
          </params>
          <reporter-output>
          </reporter-output>
        </test-method> <!-- teardown -->
        <test-method status="PASS" signature="setUpBrowser()[pri:0, instance:FeatureNOP.TestSuit@6adede5]" name="setUpBrowser" is-config="true" duration-ms="9496" started-at="2019-10-16T21:04:42 BST" finished-at="2019-10-16T21:04:52 BST">
          <reporter-output>
          </reporter-output>
        </test-method> <!-- setUpBrowser -->
        <test-method status="FAIL" signature="UserShouldBeAbleTORegisterSuccessfully()[pri:0, instance:FeatureNOP.TestSuit@6adede5]" name="UserShouldBeAbleTORegisterSuccessfully" duration-ms="13317" started-at="2019-10-16T21:04:52 BST" finished-at="2019-10-16T21:05:05 BST">
          <exception class="org.openqa.selenium.TimeoutException">
            <message>
              <![CDATA[Expected condition failed: waiting for visibility of element located by By.xpath: //div[@class="result"] (tried for 10 second(s) with 500 milliseconds interval)]]>
            </message>
            <full-stacktrace>
              <![CDATA[org.openqa.selenium.TimeoutException: Expected condition failed: waiting for visibility of element located by By.xpath: //div[@class="result"] (tried for 10 second(s) with 500 milliseconds interval)
at org.openqa.selenium.support.ui.WebDriverWait.timeoutException(WebDriverWait.java:95)
at org.openqa.selenium.support.ui.FluentWait.until(FluentWait.java:272)
at FeatureNOP.Utils.waitForElementVisible(Utils.java:81)
at FeatureNOP.RegistrationResultPage.registrationResultPage(RegistrationResultPage.java:14)
at FeatureNOP.TestSuit.UserShouldBeAbleTORegisterSuccessfully(TestSuit.java:25)
at sun.reflect.NativeMethodAccessorImpl.invoke0(Native Method)
at sun.reflect.NativeMethodAccessorImpl.invoke(NativeMethodAccessorImpl.java:62)
at sun.reflect.DelegatingMethodAccessorImpl.invoke(DelegatingMethodAccessorImpl.java:43)
at java.lang.reflect.Method.invoke(Method.java:498)
at org.testng.internal.MethodInvocationHelper.invokeMethod(MethodInvocationHelper.java:133)
at org.testng.internal.TestInvoker.invokeMethod(TestInvoker.java:584)
at org.testng.internal.TestInvoker.invokeTestMethod(TestInvoker.java:172)
at org.testng.internal.MethodRunner.runInSequence(MethodRunner.java:46)
at org.testng.internal.TestInvoker$MethodInvocationAgent.invoke(TestInvoker.java:804)
at org.testng.internal.TestInvoker.invokeTestMethods(TestInvoker.java:145)
at org.testng.internal.TestMethodWorker.invokeTestMethods(TestMethodWorker.java:146)
at org.testng.internal.TestMethodWorker.run(TestMethodWorker.java:128)
at java.util.ArrayList.forEach(ArrayList.java:1257)
at org.testng.TestRunner.privateRun(TestRunner.java:770)
at org.testng.TestRunner.run(TestRunner.java:591)
at org.testng.SuiteRunner.runTest(SuiteRunner.java:402)
at org.testng.SuiteRunner.runSequentially(SuiteRunner.java:396)
at org.testng.SuiteRunner.privateRun(SuiteRunner.java:355)
at org.testng.SuiteRunner.run(SuiteRunner.java:304)
at org.testng.SuiteRunnerWorker.runSuite(SuiteRunnerWorker.java:53)
at org.testng.SuiteRunnerWorker.run(SuiteRunnerWorker.java:96)
at org.testng.TestNG.runSuitesSequentially(TestNG.java:1180)
at org.testng.TestNG.runSuitesLocally(TestNG.java:1102)
at org.testng.TestNG.runSuites(TestNG.java:1032)
at org.testng.TestNG.run(TestNG.java:1000)
at org.apache.maven.surefire.testng.TestNGExecutor.run(TestNGExecutor.java:135)
at org.apache.maven.surefire.testng.TestNGDirectoryTestSuite.executeMulti(TestNGDirectoryTestSuite.java:193)
at org.apache.maven.surefire.testng.TestNGDirectoryTestSuite.execute(TestNGDirectoryTestSuite.java:94)
at org.apache.maven.surefire.testng.TestNGProvider.invoke(TestNGProvider.java:146)
at org.apache.maven.surefire.booter.ForkedBooter.invokeProviderInSameClassLoader(ForkedBooter.java:384)
at org.apache.maven.surefire.booter.ForkedBooter.runSuitesInProcess(ForkedBooter.java:345)
at org.apache.maven.surefire.booter.ForkedBooter.execute(ForkedBooter.java:126)
at org.apache.maven.surefire.booter.ForkedBooter.main(ForkedBooter.java:418)
Caused by: org.openqa.selenium.NoSuchElementException: no such element: Unable to locate element: {"method":"xpath","selector":"//div[@class="result"]"}
  (Session info: chrome=77.0.3865.120)
For documentation on this error, please visit: https://www.seleniumhq.org/exceptions/no_such_element.html
Build info: version: '3.141.59', revision: 'e82be7d358', time: '2018-11-14T08:17:03'
System info: host: 'DESKTOP-M4VED3K', ip: '192.168.0.9', os.name: 'Windows 10', os.arch: 'amd64', os.version: '10.0', java.version: '1.8.0_211'
Driver info: org.openqa.selenium.chrome.ChromeDriver
Capabilities {acceptInsecureCerts: false, browserName: chrome, browserVersion: 77.0.3865.120, chrome: {chromedriverVersion: 76.0.3809.126 (d80a294506b4..., userDataDir: C:\Users\seema\AppData\Loca...}, goog:chromeOptions: {debuggerAddress: localhost:51517}, javascriptEnabled: true, networkConnectionEnabled: false, pageLoadStrategy: normal, platform: XP, platformName: XP, proxy: Proxy(), setWindowRect: true, strictFileInteractability: false, timeouts: {implicit: 0, pageLoad: 300000, script: 30000}, unhandledPromptBehavior: dismiss and notify}
Session ID: c84e24bd33a4b22c13de359c50917dad
*** Element info: {Using=xpath, value=//div[@class="result"]}
at sun.reflect.NativeConstructorAccessorImpl.newInstance0(Native Method)
at sun.reflect.NativeConstructorAccessorImpl.newInstance(NativeConstructorAccessorImpl.java:62)
at sun.reflect.DelegatingConstructorAccessorImpl.newInstance(DelegatingConstructorAccessorImpl.java:45)
at java.lang.reflect.Constructor.newInstance(Constructor.java:423)
at org.openqa.selenium.remote.http.W3CHttpResponseCodec.createException(W3CHttpResponseCodec.java:187)
at org.openqa.selenium.remote.http.W3CHttpResponseCodec.decode(W3CHttpResponseCodec.java:122)
at org.openqa.selenium.remote.http.W3CHttpResponseCodec.decode(W3CHttpResponseCodec.java:49)
at org.openqa.selenium.remote.HttpCommandExecutor.execute(HttpCommandExecutor.java:158)
at org.openqa.selenium.remote.service.DriverCommandExecutor.execute(DriverCommandExecutor.java:83)
at org.openqa.selenium.remote.RemoteWebDriver.execute(RemoteWebDriver.java:552)
at org.openqa.selenium.remote.RemoteWebDriver.findElement(RemoteWebDriver.java:323)
at org.openqa.selenium.remote.RemoteWebDriver.findElementByXPath(RemoteWebDriver.java:428)
at org.openqa.selenium.By$ByXPath.findElement(By.java:353)
at org.openqa.selenium.remote.RemoteWebDriver.findElement(RemoteWebDriver.java:315)
at org.openqa.selenium.support.ui.ExpectedConditions$7.apply(ExpectedConditions.java:205)
at org.openqa.selenium.support.ui.ExpectedConditions$7.apply(ExpectedConditions.java:201)
at org.openqa.selenium.support.ui.FluentWait.until(FluentWait.java:249)
... 36 more
]]>
            </full-stacktrace>
          </exception> <!-- org.openqa.selenium.TimeoutException -->
          <reporter-output>
          </reporter-output>
        </test-method> <!-- UserShouldBeAbleTORegisterSuccessfully -->
        <test-method status="PASS" signature="teardown(org.testng.ITestResult)[pri:0, instance:FeatureNOP.TestSuit@6adede5]" name="teardown" is-config="true" duration-ms="1249" started-at="2019-10-16T21:05:05 BST" finished-at="2019-10-16T21:05:07 BST">
          <params>
            <param index="0">
              <value>
                <![CDATA[[TestResult name=UserShouldBeAbleTORegisterSuccessfully status=FAILURE method=TestSuit.UserShouldBeAbleTORegisterSuccessfully()[pri:0, instance:FeatureNOP.TestSuit@6adede5] output={null}]]]>
              </value>
            </param>
          </params>
          <reporter-output>
          </reporter-output>
        </test-method> <!-- teardown -->
        <test-method status="PASS" signature="setUpBrowser()[pri:0, instance:FeatureNOP.TestSuit@6adede5]" name="setUpBrowser" is-config="true" duration-ms="5929" started-at="2019-10-16T21:05:07 BST" finished-at="2019-10-16T21:05:12 BST">
          <reporter-output>
          </reporter-output>
        </test-method> <!-- setUpBrowser -->
        <test-method status="PASS" signature="UserShouldBuyAProductSuccessfullyWithMasterCard()[pri:0, instance:FeatureNOP.TestSuit@6adede5]" name="UserShouldBuyAProductSuccessfullyWithMasterCard" duration-ms="16060" started-at="2019-10-16T21:05:12 BST" finished-at="2019-10-16T21:05:29 BST">
          <reporter-output>
          </reporter-output>
        </test-method> <!-- UserShouldBuyAProductSuccessfullyWithMasterCard -->
        <test-method status="PASS" signature="teardown(org.testng.ITestResult)[pri:0, instance:FeatureNOP.TestSuit@6adede5]" name="teardown" is-config="true" duration-ms="781" started-at="2019-10-16T21:05:29 BST" finished-at="2019-10-16T21:05:29 BST">
          <params>
            <param index="0">
              <value>
                <![CDATA[[TestResult name=UserShouldBuyAProductSuccessfullyWithMasterCard status=SUCCESS method=TestSuit.UserShouldBuyAProductSuccessfullyWithMasterCard()[pri:0, instance:FeatureNOP.TestSuit@6adede5] output={null}]]]>
              </value>
            </param>
          </params>
          <reporter-output>
          </reporter-output>
        </test-method> <!-- teardown -->
      </class> <!-- FeatureNOP.TestSuit -->
    </test> <!-- Surefire test -->
  </suite> <!-- Surefire suite -->
</testng-results>
